current directory: /Users/Kenshoo/Dropbox/sites/technovation-app/path/ruby/2.1.0/gems/redcarpet-3.2.2/ext/redcarpet
/Users/Kenshoo/.rbenv/versions/2.1.5/bin/ruby -r ./siteconf20160314-47466-selukk.rb extconf.rb
creating Makefile

current directory: /Users/Kenshoo/Dropbox/sites/technovation-app/path/ruby/2.1.0/gems/redcarpet-3.2.2/ext/redcarpet
make "DESTDIR=" clean

current directory: /Users/Kenshoo/Dropbox/sites/technovation-app/path/ruby/2.1.0/gems/redcarpet-3.2.2/ext/redcarpet
make "DESTDIR="
compiling autolink.c
compiling buffer.c
compiling houdini_href_e.c
compiling houdini_html_e.c
compiling html.c
html.c:290:57: warning: passing 'const struct buf *' to parameter of type 'struct buf *' discards qualifiers [-Wincompatible-pointer-types-discards-qualifiers]
                bufprintf(ob, "<h%d id=\"%s\">", level, header_anchor(text));
                                                                      ^~~~
html.c:268:33: note: passing argument to parameter 'text' here
char *header_anchor(struct buf *text)
                                ^
html.c:638:51: warning: passing 'const struct buf *' to parameter of type 'struct buf *' discards qualifiers [-Wincompatible-pointer-types-discards-qualifiers]
                bufprintf(ob, "<a href=\"#%s\">", header_anchor(text));
                                                                ^~~~
html.c:268:33: note: passing argument to parameter 'text' here
char *header_anchor(struct buf *text)
                                ^
2 warnings generated.
compiling html_smartypants.c
compiling markdown.c
compiling rc_markdown.c
compiling rc_render.c
compiling stack.c
linking shared-object redcarpet.bundle

current directory: /Users/Kenshoo/Dropbox/sites/technovation-app/path/ruby/2.1.0/gems/redcarpet-3.2.2/ext/redcarpet
make "DESTDIR=" install
/usr/bin/install -c -m 0755 redcarpet.bundle ./.gem.20160314-47466-1alauc3
installing default redcarpet libraries
