current directory: /Users/Kenshoo/Dropbox/sites/technovation-app/path/ruby/2.3.0/gems/puma-3.2.0/ext/puma_http11
/Users/Kenshoo/.rbenv/versions/2.3.1/bin/ruby -r ./siteconf20160708-38581-1hhbhvy.rb extconf.rb
checking for BIO_read() in -lcrypto... yes
checking for SSL_CTX_new() in -lssl... yes
checking for openssl/bio.h... yes
creating Makefile

To see why this extension failed to compile, please check the mkmf.log which can be found here:

  /Users/Kenshoo/Dropbox/sites/technovation-app/path/ruby/2.3.0/extensions/x86_64-darwin-14/2.3.0-static/puma-3.2.0/mkmf.log

current directory: /Users/Kenshoo/Dropbox/sites/technovation-app/path/ruby/2.3.0/gems/puma-3.2.0/ext/puma_http11
make "DESTDIR=" clean

current directory: /Users/Kenshoo/Dropbox/sites/technovation-app/path/ruby/2.3.0/gems/puma-3.2.0/ext/puma_http11
make "DESTDIR="
compiling http11_parser.c
compiling io_buffer.c
compiling mini_ssl.c
mini_ssl.c:37:41: warning: 'SSL_get_ex_data' is deprecated: first deprecated in OS X 10.7 [-Wdeprecated-declarations]
  ms_cert_buf* cert_buf = (ms_cert_buf*)SSL_get_app_data(conn->ssl);
                                        ^
/usr/include/openssl/ssl.h:1089:31: note: expanded from macro 'SSL_get_app_data'
#define SSL_get_app_data(s)             (SSL_get_ex_data(s,0))
                                         ^
/usr/include/openssl/ssl.h:1603:7: note: 'SSL_get_ex_data' has been explicitly marked deprecated here
void *SSL_get_ex_data(const SSL *ssl,int idx) DEPRECATED_IN_MAC_OS_X_VERSION_10_7_AND_LATER;
      ^
mini_ssl.c:39:5: warning: 'CRYPTO_free' is deprecated: first deprecated in OS X 10.7 [-Wdeprecated-declarations]
    OPENSSL_free(cert_buf->buf);
    ^
/usr/include/openssl/crypto.h:375:28: note: expanded from macro 'OPENSSL_free'
#define OPENSSL_free(addr)      CRYPTO_free(addr)
                                ^
/usr/include/openssl/crypto.h:480:6: note: 'CRYPTO_free' has been explicitly marked deprecated here
void CRYPTO_free(void *) DEPRECATED_IN_MAC_OS_X_VERSION_10_7_AND_LATER;
     ^
mini_ssl.c:42:3: warning: 'SSL_free' is deprecated: first deprecated in OS X 10.7 [-Wdeprecated-declarations]
  SSL_free(conn->ssl);
  ^
/usr/include/openssl/ssl.h:1506:6: note: 'SSL_free' has been explicitly marked deprecated here
void    SSL_free(SSL *ssl) DEPRECATED_IN_MAC_OS_X_VERSION_10_7_AND_LATER;
        ^
mini_ssl.c:43:3: warning: 'SSL_CTX_free' is deprecated: first deprecated in OS X 10.7 [-Wdeprecated-declarations]
  SSL_CTX_free(conn->ctx);
  ^
/usr/include/openssl/ssl.h:1363:6: note: 'SSL_CTX_free' has been explicitly marked deprecated here
void    SSL_CTX_free(SSL_CTX *) DEPRECATED_IN_MAC_OS_X_VERSION_10_7_AND_LATER;
        ^
mini_ssl.c:53:16: warning: 'BIO_new' is deprecated: first deprecated in OS X 10.7 [-Wdeprecated-declarations]
  conn->read = BIO_new(BIO_s_mem());
               ^
/usr/include/openssl/bio.h:591:7: note: 'BIO_new' has been explicitly marked deprecated here
BIO *   BIO_new(BIO_METHOD *type) DEPRECATED_IN_MAC_OS_X_VERSION_10_7_AND_LATER;
        ^
mini_ssl.c:53:24: warning: 'BIO_s_mem' is deprecated: first deprecated in OS X 10.7 [-Wdeprecated-declarations]
  conn->read = BIO_new(BIO_s_mem());
                       ^
/usr/include/openssl/bio.h:626:13: note: 'BIO_s_mem' has been explicitly marked deprecated here
BIO_METHOD *BIO_s_mem(void) DEPRECATED_IN_MAC_OS_X_VERSION_10_7_AND_LATER;
            ^
mini_ssl.c:54:3: warning: 'BIO_ctrl' is deprecated: first deprecated in OS X 10.7 [-Wdeprecated-declarations]
  BIO_set_nbio(conn->read, 1);
  ^
/usr/include/openssl/bio.h:426:27: note: expanded from macro 'BIO_set_nbio'
#define BIO_set_nbio(b,n)       BIO_ctrl(b,BIO_C_SET_NBIO,(n),NULL)
                                ^
/usr/include/openssl/bio.h:600:6: note: 'BIO_ctrl' has been explicitly marked deprecated here
long    BIO_ctrl(BIO *bp,int cmd,long larg,void *parg) DEPRECATED_IN_MAC_OS_X_VERSION_10_7_AND_LATER;
        ^
mini_ssl.c:56:17: warning: 'BIO_new' is deprecated: first deprecated in OS X 10.7 [-Wdeprecated-declarations]
  conn->write = BIO_new(BIO_s_mem());
                ^
/usr/include/openssl/bio.h:591:7: note: 'BIO_new' has been explicitly marked deprecated here
BIO *   BIO_new(BIO_METHOD *type) DEPRECATED_IN_MAC_OS_X_VERSION_10_7_AND_LATER;
        ^
mini_ssl.c:56:25: warning: 'BIO_s_mem' is deprecated: first deprecated in OS X 10.7 [-Wdeprecated-declarations]
  conn->write = BIO_new(BIO_s_mem());
                        ^
/usr/include/openssl/bio.h:626:13: note: 'BIO_s_mem' has been explicitly marked deprecated here
BIO_METHOD *BIO_s_mem(void) DEPRECATED_IN_MAC_OS_X_VERSION_10_7_AND_LATER;
            ^
mini_ssl.c:57:3: warning: 'BIO_ctrl' is deprecated: first deprecated in OS X 10.7 [-Wdeprecated-declarations]
  BIO_set_nbio(conn->write, 1);
  ^
/usr/include/openssl/bio.h:426:27: note: expanded from macro 'BIO_set_nbio'
#define BIO_set_nbio(b,n)       BIO_ctrl(b,BIO_C_SET_NBIO,(n),NULL)
                                ^
/usr/include/openssl/bio.h:600:6: note: 'BIO_ctrl' has been explicitly marked deprecated here
long    BIO_ctrl(BIO *bp,int cmd,long larg,void *parg) DEPRECATED_IN_MAC_OS_X_VERSION_10_7_AND_LATER;
        ^
mini_ssl.c:89:8: warning: 'DH_new' is deprecated: first deprecated in OS X 10.7 [-Wdeprecated-declarations]
  dh = DH_new();
       ^
/usr/include/openssl/dh.h:184:6: note: 'DH_new' has been explicitly marked deprecated here
DH *    DH_new(void) DEPRECATED_IN_MAC_OS_X_VERSION_10_7_AND_LATER;
        ^
mini_ssl.c:90:11: warning: 'BN_bin2bn' is deprecated: first deprecated in OS X 10.7 [-Wdeprecated-declarations]
  dh->p = BN_bin2bn(dh1024_p, sizeof(dh1024_p), NULL);
          ^
/usr/include/openssl/bn.h:422:9: note: 'BN_bin2bn' has been explicitly marked deprecated here
BIGNUM *BN_bin2bn(const unsigned char *s,int len,BIGNUM *ret) DEPRECATED_IN_MAC_OS_X_VERSION_10_7_AND_LATER;
        ^
mini_ssl.c:91:11: warning: 'BN_bin2bn' is deprecated: first deprecated in OS X 10.7 [-Wdeprecated-declarations]
  dh->g = BN_bin2bn(dh1024_g, sizeof(dh1024_g), NULL);
          ^
/usr/include/openssl/bn.h:422:9: note: 'BN_bin2bn' has been explicitly marked deprecated here
BIGNUM *BN_bin2bn(const unsigned char *s,int len,BIGNUM *ret) DEPRECATED_IN_MAC_OS_X_VERSION_10_7_AND_LATER;
        ^
mini_ssl.c:94:5: warning: 'DH_free' is deprecated: first deprecated in OS X 10.7 [-Wdeprecated-declarations]
    DH_free(dh);
    ^
/usr/include/openssl/dh.h:185:6: note: 'DH_free' has been explicitly marked deprecated here
void    DH_free(DH *dh) DEPRECATED_IN_MAC_OS_X_VERSION_10_7_AND_LATER;
        ^
mini_ssl.c:108:16: warning: 'X509_STORE_CTX_get_current_cert' is deprecated: first deprecated in OS X 10.7 [-Wdeprecated-declarations]
    err_cert = X509_STORE_CTX_get_current_cert(ctx);
               ^
/usr/include/openssl/x509_vfy.h:454:8: note: 'X509_STORE_CTX_get_current_cert' has been explicitly marked deprecated here
X509 *  X509_STORE_CTX_get_current_cert(X509_STORE_CTX *ctx) DEPRECATED_IN_MAC_OS_X_VERSION_10_7_AND_LATER;
        ^
mini_ssl.c:118:15: warning: 'X509_STORE_CTX_get_ex_data' is deprecated: first deprecated in OS X 10.7 [-Wdeprecated-declarations]
        ssl = X509_STORE_CTX_get_ex_data(ctx, SSL_get_ex_data_X509_STORE_CTX_idx());
              ^
/usr/include/openssl/x509_vfy.h:450:8: note: 'X509_STORE_CTX_get_ex_data' has been explicitly marked deprecated here
void *  X509_STORE_CTX_get_ex_data(X509_STORE_CTX *ctx,int idx) DEPRECATED_IN_MAC_OS_X_VERSION_10_7_AND_LATER;
        ^
mini_ssl.c:118:47: warning: 'SSL_get_ex_data_X509_STORE_CTX_idx' is deprecated: first deprecated in OS X 10.7 [-Wdeprecated-declarations]
        ssl = X509_STORE_CTX_get_ex_data(ctx, SSL_get_ex_data_X509_STORE_CTX_idx());
                                              ^
/usr/include/openssl/ssl.h:1617:5: note: 'SSL_get_ex_data_X509_STORE_CTX_idx' has been explicitly marked deprecated here
int SSL_get_ex_data_X509_STORE_CTX_idx(void ) DEPRECATED_IN_MAC_OS_X_VERSION_10_7_AND_LATER;
    ^
mini_ssl.c:119:9: warning: 'SSL_set_ex_data' is deprecated: first deprecated in OS X 10.7 [-Wdeprecated-declarations]
        SSL_set_app_data(ssl, cert_buf);
        ^
/usr/include/openssl/ssl.h:1088:35: note: expanded from macro 'SSL_set_app_data'
#define SSL_set_app_data(s,arg)         (SSL_set_ex_data(s,0,(char *)arg))
                                         ^
/usr/include/openssl/ssl.h:1602:5: note: 'SSL_set_ex_data' has been explicitly marked deprecated here
int SSL_set_ex_data(SSL *ssl,int idx,void *data) DEPRECATED_IN_MAC_OS_X_VERSION_10_7_AND_LATER;
    ^
mini_ssl.c:146:9: warning: 'SSL_CTX_new' is deprecated: first deprecated in OS X 10.7 [-Wdeprecated-declarations]
  ctx = SSL_CTX_new(SSLv23_server_method());
        ^
/usr/include/openssl/ssl.h:1362:10: note: 'SSL_CTX_new' has been explicitly marked deprecated here
SSL_CTX *SSL_CTX_new(SSL_METHOD *meth) DEPRECATED_IN_MAC_OS_X_VERSION_10_7_AND_LATER;
         ^
mini_ssl.c:146:21: warning: 'SSLv23_server_method' is deprecated: first deprecated in OS X 10.7 [-Wdeprecated-declarations]
  ctx = SSL_CTX_new(SSLv23_server_method());
                    ^
/usr/include/openssl/ssl.h:1532:13: note: 'SSLv23_server_method' has been explicitly marked deprecated here
SSL_METHOD *SSLv23_server_method(void) DEPRECATED_IN_MAC_OS_X_VERSION_10_7_AND_LATER;   /* SSLv3 but can rollback to v2 */
            ^
mini_ssl.c:149:3: warning: 'SSL_CTX_use_certificate_chain_file' is deprecated: first deprecated in OS X 10.7 [-Wdeprecated-declarations]
  SSL_CTX_use_certificate_chain_file(ctx, RSTRING_PTR(cert));
  ^
/usr/include/openssl/ssl.h:1419:5: note: 'SSL_CTX_use_certificate_chain_file' has been explicitly marked deprecated here
int     SSL_CTX_use_certificate_chain_file(SSL_CTX *ctx, const char *file) DEPRECATED_IN_MAC_OS_X_VERSION_10_7_AND_LATER; /* PEM type */
        ^
mini_ssl.c:150:3: warning: 'SSL_CTX_use_PrivateKey_file' is deprecated: first deprecated in OS X 10.7 [-Wdeprecated-declarations]
  SSL_CTX_use_PrivateKey_file(ctx, RSTRING_PTR(key), SSL_FILETYPE_PEM);
  ^
/usr/include/openssl/ssl.h:1417:5: note: 'SSL_CTX_use_PrivateKey_file' has been explicitly marked deprecated here
int     SSL_CTX_use_PrivateKey_file(SSL_CTX *ctx, const char *file, int type) DEPRECATED_IN_MAC_OS_X_VERSION_10_7_AND_LATER;
        ^
mini_ssl.c:153:5: warning: 'SSL_CTX_load_verify_locations' is deprecated: first deprecated in OS X 10.7 [-Wdeprecated-declarations]
    SSL_CTX_load_verify_locations(ctx, RSTRING_PTR(ca), NULL);
    ^
/usr/include/openssl/ssl.h:1587:5: note: 'SSL_CTX_load_verify_locations' has been explicitly marked deprecated here
int SSL_CTX_load_verify_locations(SSL_CTX *ctx, const char *CAfile,
    ^
mini_ssl.c:156:3: warning: 'SSL_CTX_ctrl' is deprecated: first deprecated in OS X 10.7 [-Wdeprecated-declarations]
  SSL_CTX_set_options(ctx, SSL_OP_CIPHER_SERVER_PREFERENCE | SSL_OP_NO_SSLv2 | SSL_OP_NO_SSLv3 | SSL_OP_SINGLE_DH_USE | SSL_OP_SINGLE_ECDH_USE | SSL_OP_NO_COMPRESSION);
  ^
/usr/include/openssl/ssl.h:582:2: note: expanded from macro 'SSL_CTX_set_options'
        SSL_CTX_ctrl((ctx),SSL_CTRL_OPTIONS,(op),NULL)
        ^
/usr/include/openssl/ssl.h:1514:6: note: 'SSL_CTX_ctrl' has been explicitly marked deprecated here
long    SSL_CTX_ctrl(SSL_CTX *ctx,int cmd, long larg, void *parg) DEPRECATED_IN_MAC_OS_X_VERSION_10_7_AND_LATER;
        ^
mini_ssl.c:157:3: warning: 'SSL_CTX_ctrl' is deprecated: first deprecated in OS X 10.7 [-Wdeprecated-declarations]
  SSL_CTX_set_session_cache_mode(ctx, SSL_SESS_CACHE_OFF);
  ^
/usr/include/openssl/ssl.h:1624:2: note: expanded from macro 'SSL_CTX_set_session_cache_mode'
        SSL_CTX_ctrl(ctx,SSL_CTRL_SET_SESS_CACHE_MODE,m,NULL)
        ^
/usr/include/openssl/ssl.h:1514:6: note: 'SSL_CTX_ctrl' has been explicitly marked deprecated here
long    SSL_CTX_ctrl(SSL_CTX *ctx,int cmd, long larg, void *parg) DEPRECATED_IN_MAC_OS_X_VERSION_10_7_AND_LATER;
        ^
mini_ssl.c:159:3: warning: 'SSL_CTX_set_cipher_list' is deprecated: first deprecated in OS X 10.7 [-Wdeprecated-declarations]
  SSL_CTX_set_cipher_list(ctx, "HIGH:!aNULL@STRENGTH");
  ^
/usr/include/openssl/ssl.h:1361:5: note: 'SSL_CTX_set_cipher_list' has been explicitly marked deprecated here
int     SSL_CTX_set_cipher_list(SSL_CTX *,const char *str) DEPRECATED_IN_MAC_OS_X_VERSION_10_7_AND_LATER;
        ^
mini_ssl.c:162:3: warning: 'SSL_CTX_ctrl' is deprecated: first deprecated in OS X 10.7 [-Wdeprecated-declarations]
  SSL_CTX_set_tmp_dh(ctx, dh);
  ^
/usr/include/openssl/ssl.h:1335:2: note: expanded from macro 'SSL_CTX_set_tmp_dh'
        SSL_CTX_ctrl(ctx,SSL_CTRL_SET_TMP_DH,0,(char *)dh)
        ^
/usr/include/openssl/ssl.h:1514:6: note: 'SSL_CTX_ctrl' has been explicitly marked deprecated here
long    SSL_CTX_ctrl(SSL_CTX *ctx,int cmd, long larg, void *parg) DEPRECATED_IN_MAC_OS_X_VERSION_10_7_AND_LATER;
        ^
mini_ssl.c:165:18: warning: 'EC_KEY_new_by_curve_name' is deprecated: first deprecated in OS X 10.7 [-Wdeprecated-declarations]
  EC_KEY *ecdh = EC_KEY_new_by_curve_name(NID_secp521r1);
                 ^
/usr/include/openssl/ec.h:306:9: note: 'EC_KEY_new_by_curve_name' has been explicitly marked deprecated here
EC_KEY *EC_KEY_new_by_curve_name(int nid) DEPRECATED_IN_MAC_OS_X_VERSION_10_7_AND_LATER;
        ^
mini_ssl.c:167:5: warning: 'SSL_CTX_ctrl' is deprecated: first deprecated in OS X 10.7 [-Wdeprecated-declarations]
    SSL_CTX_set_tmp_ecdh(ctx, ecdh);
    ^
/usr/include/openssl/ssl.h:1337:2: note: expanded from macro 'SSL_CTX_set_tmp_ecdh'
        SSL_CTX_ctrl(ctx,SSL_CTRL_SET_TMP_ECDH,0,(char *)ecdh)
        ^
/usr/include/openssl/ssl.h:1514:6: note: 'SSL_CTX_ctrl' has been explicitly marked deprecated here
long    SSL_CTX_ctrl(SSL_CTX *ctx,int cmd, long larg, void *parg) DEPRECATED_IN_MAC_OS_X_VERSION_10_7_AND_LATER;
        ^
mini_ssl.c:168:5: warning: 'EC_KEY_free' is deprecated: first deprecated in OS X 10.7 [-Wdeprecated-declarations]
    EC_KEY_free(ecdh);
    ^
/usr/include/openssl/ec.h:307:6: note: 'EC_KEY_free' has been explicitly marked deprecated here
void EC_KEY_free(EC_KEY *) DEPRECATED_IN_MAC_OS_X_VERSION_10_7_AND_LATER;
     ^
mini_ssl.c:172:9: warning: 'SSL_new' is deprecated: first deprecated in OS X 10.7 [-Wdeprecated-declarations]
  ssl = SSL_new(ctx);
        ^
/usr/include/openssl/ssl.h:1497:7: note: 'SSL_new' has been explicitly marked deprecated here
SSL *   SSL_new(SSL_CTX *ctx) DEPRECATED_IN_MAC_OS_X_VERSION_10_7_AND_LATER;
        ^
mini_ssl.c:174:3: warning: 'SSL_set_ex_data' is deprecated: first deprecated in OS X 10.7 [-Wdeprecated-declarations]
  SSL_set_app_data(ssl, NULL);
  ^
/usr/include/openssl/ssl.h:1088:35: note: expanded from macro 'SSL_set_app_data'
#define SSL_set_app_data(s,arg)         (SSL_set_ex_data(s,0,(char *)arg))
                                         ^
/usr/include/openssl/ssl.h:1602:5: note: 'SSL_set_ex_data' has been explicitly marked deprecated here
int SSL_set_ex_data(SSL *ssl,int idx,void *data) DEPRECATED_IN_MAC_OS_X_VERSION_10_7_AND_LATER;
    ^
mini_ssl.c:179:5: warning: 'SSL_set_verify' is deprecated: first deprecated in OS X 10.7 [-Wdeprecated-declarations]
    SSL_set_verify(ssl, NUM2INT(verify_mode), engine_verify_callback);
    ^
/usr/include/openssl/ssl.h:1400:6: note: 'SSL_set_verify' has been explicitly marked deprecated here
void    SSL_set_verify(SSL *s, int mode,
        ^
mini_ssl.c:182:3: warning: 'SSL_set_bio' is deprecated: first deprecated in OS X 10.7 [-Wdeprecated-declarations]
  SSL_set_bio(ssl, conn->read, conn->write);
  ^
/usr/include/openssl/ssl.h:1391:6: note: 'SSL_set_bio' has been explicitly marked deprecated here
void    SSL_set_bio(SSL *s, BIO *rbio,BIO *wbio) DEPRECATED_IN_MAC_OS_X_VERSION_10_7_AND_LATER;
        ^
mini_ssl.c:184:3: warning: 'SSL_set_accept_state' is deprecated: first deprecated in OS X 10.7 [-Wdeprecated-declarations]
  SSL_set_accept_state(ssl);
  ^
/usr/include/openssl/ssl.h:1565:6: note: 'SSL_set_accept_state' has been explicitly marked deprecated here
void SSL_set_accept_state(SSL *s) DEPRECATED_IN_MAC_OS_X_VERSION_10_7_AND_LATER;
     ^
mini_ssl.c:192:15: warning: 'SSL_CTX_new' is deprecated: first deprecated in OS X 10.7 [-Wdeprecated-declarations]
  conn->ctx = SSL_CTX_new(DTLSv1_method());
              ^
/usr/include/openssl/ssl.h:1362:10: note: 'SSL_CTX_new' has been explicitly marked deprecated here
SSL_CTX *SSL_CTX_new(SSL_METHOD *meth) DEPRECATED_IN_MAC_OS_X_VERSION_10_7_AND_LATER;
         ^
mini_ssl.c:192:27: warning: 'DTLSv1_method' is deprecated: first deprecated in OS X 10.7 [-Wdeprecated-declarations]
  conn->ctx = SSL_CTX_new(DTLSv1_method());
                          ^
/usr/include/openssl/ssl.h:1539:13: note: 'DTLSv1_method' has been explicitly marked deprecated here
SSL_METHOD *DTLSv1_method(void) DEPRECATED_IN_MAC_OS_X_VERSION_10_7_AND_LATER;          /* DTLSv1.0 */
            ^
mini_ssl.c:193:15: warning: 'SSL_new' is deprecated: first deprecated in OS X 10.7 [-Wdeprecated-declarations]
  conn->ssl = SSL_new(conn->ctx);
              ^
/usr/include/openssl/ssl.h:1497:7: note: 'SSL_new' has been explicitly marked deprecated here
SSL *   SSL_new(SSL_CTX *ctx) DEPRECATED_IN_MAC_OS_X_VERSION_10_7_AND_LATER;
        ^
mini_ssl.c:194:3: warning: 'SSL_set_ex_data' is deprecated: first deprecated in OS X 10.7 [-Wdeprecated-declarations]
  SSL_set_app_data(conn->ssl, NULL);
  ^
/usr/include/openssl/ssl.h:1088:35: note: expanded from macro 'SSL_set_app_data'
#define SSL_set_app_data(s,arg)         (SSL_set_ex_data(s,0,(char *)arg))
                                         ^
/usr/include/openssl/ssl.h:1602:5: note: 'SSL_set_ex_data' has been explicitly marked deprecated here
int SSL_set_ex_data(SSL *ssl,int idx,void *data) DEPRECATED_IN_MAC_OS_X_VERSION_10_7_AND_LATER;
    ^
mini_ssl.c:195:3: warning: 'SSL_set_verify' is deprecated: first deprecated in OS X 10.7 [-Wdeprecated-declarations]
  SSL_set_verify(conn->ssl, SSL_VERIFY_NONE, NULL);
  ^
/usr/include/openssl/ssl.h:1400:6: note: 'SSL_set_verify' has been explicitly marked deprecated here
void    SSL_set_verify(SSL *s, int mode,
        ^
mini_ssl.c:197:3: warning: 'SSL_set_bio' is deprecated: first deprecated in OS X 10.7 [-Wdeprecated-declarations]
  SSL_set_bio(conn->ssl, conn->read, conn->write);
  ^
/usr/include/openssl/ssl.h:1391:6: note: 'SSL_set_bio' has been explicitly marked deprecated here
void    SSL_set_bio(SSL *s, BIO *rbio,BIO *wbio) DEPRECATED_IN_MAC_OS_X_VERSION_10_7_AND_LATER;
        ^
mini_ssl.c:199:3: warning: 'SSL_set_connect_state' is deprecated: first deprecated in OS X 10.7 [-Wdeprecated-declarations]
  SSL_set_connect_state(conn->ssl);
  ^
/usr/include/openssl/ssl.h:1564:6: note: 'SSL_set_connect_state' has been explicitly marked deprecated here
void SSL_set_connect_state(SSL *s) DEPRECATED_IN_MAC_OS_X_VERSION_10_7_AND_LATER;
     ^
mini_ssl.c:211:10: warning: 'BIO_write' is deprecated: first deprecated in OS X 10.7 [-Wdeprecated-declarations]
  used = BIO_write(conn->read, RSTRING_PTR(str), (int)RSTRING_LEN(str));
         ^
/usr/include/openssl/bio.h:597:5: note: 'BIO_write' has been explicitly marked deprecated here
int     BIO_write(BIO *b, const void *data, int len) DEPRECATED_IN_MAC_OS_X_VERSION_10_7_AND_LATER;
        ^
mini_ssl.c:227:17: warning: 'SSL_get_error' is deprecated: first deprecated in OS X 10.7 [-Wdeprecated-declarations]
  int ssl_err = SSL_get_error(ssl, result);
                ^
/usr/include/openssl/ssl.h:1517:5: note: 'SSL_get_error' has been explicitly marked deprecated here
int     SSL_get_error(const SSL *s,int ret_code) DEPRECATED_IN_MAC_OS_X_VERSION_10_7_AND_LATER;
        ^
mini_ssl.c:228:20: warning: 'SSL_get_verify_result' is deprecated: first deprecated in OS X 10.7 [-Wdeprecated-declarations]
  int verify_err = SSL_get_verify_result(ssl);
                   ^
/usr/include/openssl/ssl.h:1600:6: note: 'SSL_get_verify_result' has been explicitly marked deprecated here
long SSL_get_verify_result(const SSL *ssl) DEPRECATED_IN_MAC_OS_X_VERSION_10_7_AND_LATER;
     ^
mini_ssl.c:235:17: warning: 'X509_verify_cert_error_string' is deprecated: first deprecated in OS X 10.7 [-Wdeprecated-declarations]
      err_str = X509_verify_cert_error_string(verify_err);
                ^
/usr/include/openssl/x509.h:752:13: note: 'X509_verify_cert_error_string' has been explicitly marked deprecated here
const char *X509_verify_cert_error_string(long n) DEPRECATED_IN_MAC_OS_X_VERSION_10_7_AND_LATER;
            ^
mini_ssl.c:241:13: warning: 'ERR_get_error' is deprecated: first deprecated in OS X 10.7 [-Wdeprecated-declarations]
      err = ERR_get_error();
            ^
/usr/include/openssl/err.h:266:15: note: 'ERR_get_error' has been explicitly marked deprecated here
unsigned long ERR_get_error(void) DEPRECATED_IN_MAC_OS_X_VERSION_10_7_AND_LATER;
              ^
mini_ssl.c:242:7: warning: 'ERR_error_string_n' is deprecated: first deprecated in OS X 10.7 [-Wdeprecated-declarations]
      ERR_error_string_n(err, buf, sizeof(buf));
      ^
/usr/include/openssl/err.h:280:6: note: 'ERR_error_string_n' has been explicitly marked deprecated here
void ERR_error_string_n(unsigned long e, char *buf, size_t len) DEPRECATED_IN_MAC_OS_X_VERSION_10_7_AND_LATER;
     ^
mini_ssl.c:250:3: warning: 'ERR_clear_error' is deprecated: first deprecated in OS X 10.7 [-Wdeprecated-declarations]
  ERR_clear_error();
  ^
/usr/include/openssl/err.h:278:6: note: 'ERR_clear_error' has been explicitly marked deprecated here
void ERR_clear_error(void ) DEPRECATED_IN_MAC_OS_X_VERSION_10_7_AND_LATER;
     ^
mini_ssl.c:261:3: warning: 'ERR_clear_error' is deprecated: first deprecated in OS X 10.7 [-Wdeprecated-declarations]
  ERR_clear_error();
  ^
/usr/include/openssl/err.h:278:6: note: 'ERR_clear_error' has been explicitly marked deprecated here
void ERR_clear_error(void ) DEPRECATED_IN_MAC_OS_X_VERSION_10_7_AND_LATER;
     ^
mini_ssl.c:263:11: warning: 'SSL_read' is deprecated: first deprecated in OS X 10.7 [-Wdeprecated-declarations]
  bytes = SSL_read(conn->ssl, (void*)buf, sizeof(buf));
          ^
/usr/include/openssl/ssl.h:1509:6: note: 'SSL_read' has been explicitly marked deprecated here
int     SSL_read(SSL *ssl,void *buf,int num) DEPRECATED_IN_MAC_OS_X_VERSION_10_7_AND_LATER;
        ^
mini_ssl.c:269:6: warning: 'SSL_want' is deprecated: first deprecated in OS X 10.7 [-Wdeprecated-declarations]
  if(SSL_want_read(conn->ssl)) return Qnil;
     ^
/usr/include/openssl/ssl.h:878:27: note: expanded from macro 'SSL_want_read'
#define SSL_want_read(s)        (SSL_want(s) == SSL_READING)
                                 ^
/usr/include/openssl/ssl.h:1368:5: note: 'SSL_want' has been explicitly marked deprecated here
int SSL_want(const SSL *s) DEPRECATED_IN_MAC_OS_X_VERSION_10_7_AND_LATER;
    ^
mini_ssl.c:271:11: warning: 'SSL_get_error' is deprecated: first deprecated in OS X 10.7 [-Wdeprecated-declarations]
  error = SSL_get_error(conn->ssl, bytes);
          ^
/usr/include/openssl/ssl.h:1517:5: note: 'SSL_get_error' has been explicitly marked deprecated here
int     SSL_get_error(const SSL *s,int ret_code) DEPRECATED_IN_MAC_OS_X_VERSION_10_7_AND_LATER;
        ^
mini_ssl.c:290:3: warning: 'ERR_clear_error' is deprecated: first deprecated in OS X 10.7 [-Wdeprecated-declarations]
  ERR_clear_error();
  ^
/usr/include/openssl/err.h:278:6: note: 'ERR_clear_error' has been explicitly marked deprecated here
void ERR_clear_error(void ) DEPRECATED_IN_MAC_OS_X_VERSION_10_7_AND_LATER;
     ^
mini_ssl.c:292:11: warning: 'SSL_write' is deprecated: first deprecated in OS X 10.7 [-Wdeprecated-declarations]
  bytes = SSL_write(conn->ssl, (void*)RSTRING_PTR(str), (int)RSTRING_LEN(str));
          ^
/usr/include/openssl/ssl.h:1511:6: note: 'SSL_write' has been explicitly marked deprecated here
int     SSL_write(SSL *ssl,const void *buf,int num) DEPRECATED_IN_MAC_OS_X_VERSION_10_7_AND_LATER;
        ^
mini_ssl.c:297:6: warning: 'SSL_want' is deprecated: first deprecated in OS X 10.7 [-Wdeprecated-declarations]
  if(SSL_want_write(conn->ssl)) return Qnil;
     ^
/usr/include/openssl/ssl.h:879:28: note: expanded from macro 'SSL_want_write'
#define SSL_want_write(s)       (SSL_want(s) == SSL_WRITING)
                                 ^
/usr/include/openssl/ssl.h:1368:5: note: 'SSL_want' has been explicitly marked deprecated here
int SSL_want(const SSL *s) DEPRECATED_IN_MAC_OS_X_VERSION_10_7_AND_LATER;
    ^
mini_ssl.c:312:13: warning: 'BIO_ctrl' is deprecated: first deprecated in OS X 10.7 [-Wdeprecated-declarations]
  pending = BIO_pending(conn->write);
            ^
/usr/include/openssl/bio.h:524:30: note: expanded from macro 'BIO_pending'
#define BIO_pending(b)          (int)BIO_ctrl(b,BIO_CTRL_PENDING,0,NULL)
                                     ^
/usr/include/openssl/bio.h:600:6: note: 'BIO_ctrl' has been explicitly marked deprecated here
long    BIO_ctrl(BIO *bp,int cmd,long larg,void *parg) DEPRECATED_IN_MAC_OS_X_VERSION_10_7_AND_LATER;
        ^
mini_ssl.c:314:13: warning: 'BIO_read' is deprecated: first deprecated in OS X 10.7 [-Wdeprecated-declarations]
    bytes = BIO_read(conn->write, buf, sizeof(buf));
            ^
/usr/include/openssl/bio.h:595:5: note: 'BIO_read' has been explicitly marked deprecated here
int     BIO_read(BIO *b, void *data, int len) DEPRECATED_IN_MAC_OS_X_VERSION_10_7_AND_LATER;
        ^
mini_ssl.c:317:16: warning: 'BIO_test_flags' is deprecated: first deprecated in OS X 10.7 [-Wdeprecated-declarations]
    } else if(!BIO_should_retry(conn->write)) {
               ^
/usr/include/openssl/bio.h:231:30: note: expanded from macro 'BIO_should_retry'
#define BIO_should_retry(a)             BIO_test_flags(a, BIO_FLAGS_SHOULD_RETRY)
                                        ^
/usr/include/openssl/bio.h:209:6: note: 'BIO_test_flags' has been explicitly marked deprecated here
int  BIO_test_flags(const BIO *b, int flags) DEPRECATED_IN_MAC_OS_X_VERSION_10_7_AND_LATER;
     ^
mini_ssl.c:335:10: warning: 'SSL_get_peer_certificate' is deprecated: first deprecated in OS X 10.7 [-Wdeprecated-declarations]
  cert = SSL_get_peer_certificate(conn->ssl);
         ^
/usr/include/openssl/ssl.h:1466:8: note: 'SSL_get_peer_certificate' has been explicitly marked deprecated here
X509 *  SSL_get_peer_certificate(const SSL *s) DEPRECATED_IN_MAC_OS_X_VERSION_10_7_AND_LATER;
        ^
mini_ssl.c:340:30: warning: 'SSL_get_ex_data' is deprecated: first deprecated in OS X 10.7 [-Wdeprecated-declarations]
    cert_buf = (ms_cert_buf*)SSL_get_app_data(conn->ssl);
                             ^
/usr/include/openssl/ssl.h:1089:31: note: expanded from macro 'SSL_get_app_data'
#define SSL_get_app_data(s)             (SSL_get_ex_data(s,0))
                                         ^
/usr/include/openssl/ssl.h:1603:7: note: 'SSL_get_ex_data' has been explicitly marked deprecated here
void *SSL_get_ex_data(const SSL *ssl,int idx) DEPRECATED_IN_MAC_OS_X_VERSION_10_7_AND_LATER;
      ^
mini_ssl.c:358:5: warning: 'CRYPTO_free' is deprecated: first deprecated in OS X 10.7 [-Wdeprecated-declarations]
    OPENSSL_free(buf);
    ^
/usr/include/openssl/crypto.h:375:28: note: expanded from macro 'OPENSSL_free'
#define OPENSSL_free(addr)      CRYPTO_free(addr)
                                ^
/usr/include/openssl/crypto.h:480:6: note: 'CRYPTO_free' has been explicitly marked deprecated here
void CRYPTO_free(void *) DEPRECATED_IN_MAC_OS_X_VERSION_10_7_AND_LATER;
     ^
mini_ssl.c:371:3: warning: 'SSL_library_init' is deprecated: first deprecated in OS X 10.7 [-Wdeprecated-declarations]
  SSL_library_init();
  ^
/usr/include/openssl/ssl.h:1569:5: note: 'SSL_library_init' has been explicitly marked deprecated here
int SSL_library_init(void ) DEPRECATED_IN_MAC_OS_X_VERSION_10_7_AND_LATER;
    ^
mini_ssl.c:372:3: warning: 'SSL_library_init' is deprecated: first deprecated in OS X 10.7 [-Wdeprecated-declarations]
  OpenSSL_add_ssl_algorithms();
  ^
/usr/include/openssl/ssl.h:1152:38: note: expanded from macro 'OpenSSL_add_ssl_algorithms'
#define OpenSSL_add_ssl_algorithms()    SSL_library_init()
                                        ^
/usr/include/openssl/ssl.h:1569:5: note: 'SSL_library_init' has been explicitly marked deprecated here
int SSL_library_init(void ) DEPRECATED_IN_MAC_OS_X_VERSION_10_7_AND_LATER;
    ^
mini_ssl.c:373:3: warning: 'SSL_load_error_strings' is deprecated: first deprecated in OS X 10.7 [-Wdeprecated-declarations]
  SSL_load_error_strings();
  ^
/usr/include/openssl/ssl.h:1432:6: note: 'SSL_load_error_strings' has been explicitly marked deprecated here
void    SSL_load_error_strings(void ) DEPRECATED_IN_MAC_OS_X_VERSION_10_7_AND_LATER;
        ^
mini_ssl.c:374:3: warning: 'ERR_load_crypto_strings' is deprecated: first deprecated in OS X 10.7 [-Wdeprecated-declarations]
  ERR_load_crypto_strings();
  ^
/usr/include/openssl/err.h:296:6: note: 'ERR_load_crypto_strings' has been explicitly marked deprecated here
void ERR_load_crypto_strings(void) DEPRECATED_IN_MAC_OS_X_VERSION_10_7_AND_LATER;
     ^
66 warnings generated.
compiling puma_http11.c
linking shared-object puma/puma_http11.bundle

current directory: /Users/Kenshoo/Dropbox/sites/technovation-app/path/ruby/2.3.0/gems/puma-3.2.0/ext/puma_http11
make "DESTDIR=" install
/usr/bin/install -c -m 0755 puma_http11.bundle ./.gem.20160708-38581-bkx5kw/puma
