have_macro: checking for SIZEOF_OFF_T in ruby.h... -------------------- yes

"clang -o conftest -I/Users/Kenshoo/.rbenv/versions/2.1.5/include/ruby-2.1.0/x86_64-darwin14.0 -I/Users/Kenshoo/.rbenv/versions/2.1.5/include/ruby-2.1.0/ruby/backward -I/Users/Kenshoo/.rbenv/versions/2.1.5/include/ruby-2.1.0 -I. -I/Users/Kenshoo/.rbenv/versions/2.1.5/include  -D_XOPEN_SOURCE -D_DARWIN_C_SOURCE -D_DARWIN_UNLIMITED_SELECT -D_REENTRANT    -O3 -Wno-error=shorten-64-to-32  -pipe conftest.c  -L. -L/Users/Kenshoo/.rbenv/versions/2.1.5/lib -L. -L/Users/Kenshoo/.rbenv/versions/2.1.5/lib  -fstack-protector -L/usr/local/lib     -lruby-static -framework CoreFoundation  -lpthread -ldl -lobjc "
checked program was:
/* begin */
1: #include "ruby.h"
2: 
3: int main(int argc, char **argv)
4: {
5:   return 0;
6: }
/* end */

"clang -I/Users/Kenshoo/.rbenv/versions/2.1.5/include/ruby-2.1.0/x86_64-darwin14.0 -I/Users/Kenshoo/.rbenv/versions/2.1.5/include/ruby-2.1.0/ruby/backward -I/Users/Kenshoo/.rbenv/versions/2.1.5/include/ruby-2.1.0 -I. -I/Users/Kenshoo/.rbenv/versions/2.1.5/include  -D_XOPEN_SOURCE -D_DARWIN_C_SOURCE -D_DARWIN_UNLIMITED_SELECT -D_REENTRANT    -O3 -Wno-error=shorten-64-to-32  -pipe   -c conftest.c"
checked program was:
/* begin */
1: #include "ruby.h"
2: 
3: #include <ruby.h>
4: /*top*/
5: #ifndef SIZEOF_OFF_T
6: # error
7: |:/ === SIZEOF_OFF_T undefined === /:|
8: #endif
/* end */

--------------------

have_macro: checking for SIZEOF_SIZE_T in ruby.h... -------------------- yes

"clang -I/Users/Kenshoo/.rbenv/versions/2.1.5/include/ruby-2.1.0/x86_64-darwin14.0 -I/Users/Kenshoo/.rbenv/versions/2.1.5/include/ruby-2.1.0/ruby/backward -I/Users/Kenshoo/.rbenv/versions/2.1.5/include/ruby-2.1.0 -I. -I/Users/Kenshoo/.rbenv/versions/2.1.5/include  -D_XOPEN_SOURCE -D_DARWIN_C_SOURCE -D_DARWIN_UNLIMITED_SELECT -D_REENTRANT    -O3 -Wno-error=shorten-64-to-32  -pipe   -c conftest.c"
checked program was:
/* begin */
1: #include "ruby.h"
2: 
3: #include <ruby.h>
4: /*top*/
5: #ifndef SIZEOF_SIZE_T
6: # error
7: |:/ === SIZEOF_SIZE_T undefined === /:|
8: #endif
/* end */

--------------------

have_macro: checking for SIZEOF_LONG in ruby.h... -------------------- yes

"clang -I/Users/Kenshoo/.rbenv/versions/2.1.5/include/ruby-2.1.0/x86_64-darwin14.0 -I/Users/Kenshoo/.rbenv/versions/2.1.5/include/ruby-2.1.0/ruby/backward -I/Users/Kenshoo/.rbenv/versions/2.1.5/include/ruby-2.1.0 -I. -I/Users/Kenshoo/.rbenv/versions/2.1.5/include  -D_XOPEN_SOURCE -D_DARWIN_C_SOURCE -D_DARWIN_UNLIMITED_SELECT -D_REENTRANT    -O3 -Wno-error=shorten-64-to-32  -pipe   -c conftest.c"
checked program was:
/* begin */
1: #include "ruby.h"
2: 
3: #include <ruby.h>
4: /*top*/
5: #ifndef SIZEOF_LONG
6: # error
7: |:/ === SIZEOF_LONG undefined === /:|
8: #endif
/* end */

--------------------

have_func: checking for rb_str_set_len() in ruby.h... -------------------- yes

"clang -o conftest -I/Users/Kenshoo/.rbenv/versions/2.1.5/include/ruby-2.1.0/x86_64-darwin14.0 -I/Users/Kenshoo/.rbenv/versions/2.1.5/include/ruby-2.1.0/ruby/backward -I/Users/Kenshoo/.rbenv/versions/2.1.5/include/ruby-2.1.0 -I. -I/Users/Kenshoo/.rbenv/versions/2.1.5/include  -D_XOPEN_SOURCE -D_DARWIN_C_SOURCE -D_DARWIN_UNLIMITED_SELECT -D_REENTRANT    -O3 -Wno-error=shorten-64-to-32  -pipe conftest.c  -L. -L/Users/Kenshoo/.rbenv/versions/2.1.5/lib -L. -L/Users/Kenshoo/.rbenv/versions/2.1.5/lib  -fstack-protector -L/usr/local/lib     -lruby-static -framework CoreFoundation  -lpthread -ldl -lobjc "
checked program was:
/* begin */
 1: #include "ruby.h"
 2: 
 3: #include <ruby.h>
 4: 
 5: /*top*/
 6: extern int t(void);
 7: int main(int argc, char **argv)
 8: {
 9:   if (argc > 1000000) {
10:     printf("%p", &t);
11:   }
12: 
13:   return 0;
14: }
15: int t(void) { void ((*volatile p)()); p = (void ((*)()))rb_str_set_len; return 0; }
/* end */

--------------------

have_func: checking for gmtime_r() in time.h... -------------------- yes

"clang -o conftest -I/Users/Kenshoo/.rbenv/versions/2.1.5/include/ruby-2.1.0/x86_64-darwin14.0 -I/Users/Kenshoo/.rbenv/versions/2.1.5/include/ruby-2.1.0/ruby/backward -I/Users/Kenshoo/.rbenv/versions/2.1.5/include/ruby-2.1.0 -I. -I/Users/Kenshoo/.rbenv/versions/2.1.5/include  -D_XOPEN_SOURCE -D_DARWIN_C_SOURCE -D_DARWIN_UNLIMITED_SELECT -D_REENTRANT    -O3 -Wno-error=shorten-64-to-32  -pipe conftest.c  -L. -L/Users/Kenshoo/.rbenv/versions/2.1.5/lib -L. -L/Users/Kenshoo/.rbenv/versions/2.1.5/lib  -fstack-protector -L/usr/local/lib     -lruby-static -framework CoreFoundation  -lpthread -ldl -lobjc "
checked program was:
/* begin */
 1: #include "ruby.h"
 2: 
 3: #include <time.h>
 4: 
 5: /*top*/
 6: extern int t(void);
 7: int main(int argc, char **argv)
 8: {
 9:   if (argc > 1000000) {
10:     printf("%p", &t);
11:   }
12: 
13:   return 0;
14: }
15: int t(void) { void ((*volatile p)()); p = (void ((*)()))gmtime_r; return 0; }
/* end */

--------------------

