current directory: /Users/Kenshoo/Dropbox/sites/technovation-app/path/ruby/2.1.0/gems/pg-0.17.1/ext
/Users/Kenshoo/.rbenv/versions/2.1.5/bin/ruby -r ./siteconf20160314-47466-71ybi3.rb extconf.rb
checking for pg_config... yes
Using config values from /usr/local/bin/pg_config
checking for libpq-fe.h... yes
checking for libpq/libpq-fs.h... yes
checking for pg_config_manual.h... yes
checking for PQconnectdb() in -lpq... yes
checking for PQconnectionUsedPassword()... yes
checking for PQisthreadsafe()... yes
checking for PQprepare()... yes
checking for PQexecParams()... yes
checking for PQescapeString()... yes
checking for PQescapeStringConn()... yes
checking for PQescapeLiteral()... yes
checking for PQescapeIdentifier()... yes
checking for PQgetCancel()... yes
checking for lo_create()... yes
checking for pg_encoding_to_char()... yes
checking for pg_char_to_encoding()... yes
checking for PQsetClientEncoding()... yes
checking for PQlibVersion()... yes
checking for PQping()... yes
checking for PQsetSingleRowMode()... yes
checking for rb_encdb_alias()... yes
checking for rb_enc_alias()... yes
checking for rb_thread_call_without_gvl()... yes
checking for rb_thread_call_with_gvl()... yes
checking for rb_thread_fd_select()... yes
checking for rb_w32_wrap_io_handle()... no
checking for PGRES_COPY_BOTH in libpq-fe.h... yes
checking for PGRES_SINGLE_TUPLE in libpq-fe.h... yes
checking for PG_DIAG_TABLE_NAME in libpq-fe.h... yes
checking for struct pgNotify.extra in libpq-fe.h... yes
checking for unistd.h... yes
checking for ruby/st.h... yes
creating extconf.h
creating Makefile

To see why this extension failed to compile, please check the mkmf.log which can be found here:

  /Users/Kenshoo/Dropbox/sites/technovation-app/path/ruby/2.1.0/extensions/x86_64-darwin-14/2.1.0-static/pg-0.17.1/mkmf.log

current directory: /Users/Kenshoo/Dropbox/sites/technovation-app/path/ruby/2.1.0/gems/pg-0.17.1/ext
make "DESTDIR=" clean

current directory: /Users/Kenshoo/Dropbox/sites/technovation-app/path/ruby/2.1.0/gems/pg-0.17.1/ext
make "DESTDIR="
compiling gvl_wrappers.c
compiling pg.c
compiling pg_connection.c
pg_connection.c:2323:3: warning: implicit declaration of function 'gettimeofday' is invalid in C99 [-Wimplicit-function-declaration]
                gettimeofday(&currtime, NULL);
                ^
1 warning generated.
compiling pg_errors.c
compiling pg_result.c
linking shared-object pg_ext.bundle

current directory: /Users/Kenshoo/Dropbox/sites/technovation-app/path/ruby/2.1.0/gems/pg-0.17.1/ext
make "DESTDIR=" install
/usr/bin/install -c -m 0755 pg_ext.bundle ./.gem.20160314-47466-bog5r2
installing default pg_ext libraries
