current directory: /Users/Kenshoo/Dropbox/sites/technovation-app/path/ruby/2.1.0/gems/raindrops-0.13.0/ext/raindrops
/Users/Kenshoo/.rbenv/versions/2.1.5/bin/ruby -r ./siteconf20160314-47466-fhw6n2.rb extconf.rb
checking for mmap() in sys/mman.h... yes
checking for munmap() in sys/mman.h... yes
checking for mremap() in sys/mman.h... no
checking for getpagesize() in unistd.h... yes
checking for rb_thread_blocking_region()... yes
checking for rb_thread_io_blocking_region()... yes
checking for GCC 4+ atomic builtins... yes
creating Makefile

To see why this extension failed to compile, please check the mkmf.log which can be found here:

  /Users/Kenshoo/Dropbox/sites/technovation-app/path/ruby/2.1.0/extensions/x86_64-darwin-14/2.1.0-static/raindrops-0.13.0/mkmf.log

current directory: /Users/Kenshoo/Dropbox/sites/technovation-app/path/ruby/2.1.0/gems/raindrops-0.13.0/ext/raindrops
make "DESTDIR=" clean

current directory: /Users/Kenshoo/Dropbox/sites/technovation-app/path/ruby/2.1.0/gems/raindrops-0.13.0/ext/raindrops
make "DESTDIR="
compiling linux_inet_diag.c
compiling linux_tcp_info.c
compiling raindrops.c
linking shared-object raindrops_ext.bundle

current directory: /Users/Kenshoo/Dropbox/sites/technovation-app/path/ruby/2.1.0/gems/raindrops-0.13.0/ext/raindrops
make "DESTDIR=" install
/usr/bin/install -c -m 0755 raindrops_ext.bundle ./.gem.20160314-47466-9nc201
installing default raindrops_ext libraries
