have_func: checking for mmap() in sys/mman.h... -------------------- yes

"clang -o conftest -I/Users/Kenshoo/.rbenv/versions/2.1.5/include/ruby-2.1.0/x86_64-darwin14.0 -I/Users/Kenshoo/.rbenv/versions/2.1.5/include/ruby-2.1.0/ruby/backward -I/Users/Kenshoo/.rbenv/versions/2.1.5/include/ruby-2.1.0 -I. -I/Users/Kenshoo/.rbenv/versions/2.1.5/include  -D_XOPEN_SOURCE -D_DARWIN_C_SOURCE -D_DARWIN_UNLIMITED_SELECT -D_REENTRANT    -O3 -Wno-error=shorten-64-to-32  -pipe conftest.c  -L. -L/Users/Kenshoo/.rbenv/versions/2.1.5/lib -L. -L/Users/Kenshoo/.rbenv/versions/2.1.5/lib  -fstack-protector -L/usr/local/lib     -lruby-static -framework CoreFoundation  -lpthread -ldl -lobjc "
checked program was:
/* begin */
1: #include "ruby.h"
2: 
3: int main(int argc, char **argv)
4: {
5:   return 0;
6: }
/* end */

"clang -o conftest -I/Users/Kenshoo/.rbenv/versions/2.1.5/include/ruby-2.1.0/x86_64-darwin14.0 -I/Users/Kenshoo/.rbenv/versions/2.1.5/include/ruby-2.1.0/ruby/backward -I/Users/Kenshoo/.rbenv/versions/2.1.5/include/ruby-2.1.0 -I. -I/Users/Kenshoo/.rbenv/versions/2.1.5/include  -D_XOPEN_SOURCE -D_DARWIN_C_SOURCE -D_DARWIN_UNLIMITED_SELECT -D_REENTRANT    -O3 -Wno-error=shorten-64-to-32  -pipe conftest.c  -L. -L/Users/Kenshoo/.rbenv/versions/2.1.5/lib -L. -L/Users/Kenshoo/.rbenv/versions/2.1.5/lib  -fstack-protector -L/usr/local/lib     -lruby-static -framework CoreFoundation  -lpthread -ldl -lobjc "
checked program was:
/* begin */
 1: #include "ruby.h"
 2: 
 3: #include <sys/mman.h>
 4: 
 5: /*top*/
 6: extern int t(void);
 7: int main(int argc, char **argv)
 8: {
 9:   if (argc > 1000000) {
10:     printf("%p", &t);
11:   }
12: 
13:   return 0;
14: }
15: int t(void) { void ((*volatile p)()); p = (void ((*)()))mmap; return 0; }
/* end */

--------------------

have_func: checking for munmap() in sys/mman.h... -------------------- yes

"clang -o conftest -I/Users/Kenshoo/.rbenv/versions/2.1.5/include/ruby-2.1.0/x86_64-darwin14.0 -I/Users/Kenshoo/.rbenv/versions/2.1.5/include/ruby-2.1.0/ruby/backward -I/Users/Kenshoo/.rbenv/versions/2.1.5/include/ruby-2.1.0 -I. -I/Users/Kenshoo/.rbenv/versions/2.1.5/include  -D_XOPEN_SOURCE -D_DARWIN_C_SOURCE -D_DARWIN_UNLIMITED_SELECT -D_REENTRANT    -O3 -Wno-error=shorten-64-to-32  -pipe conftest.c  -L. -L/Users/Kenshoo/.rbenv/versions/2.1.5/lib -L. -L/Users/Kenshoo/.rbenv/versions/2.1.5/lib  -fstack-protector -L/usr/local/lib     -lruby-static -framework CoreFoundation  -lpthread -ldl -lobjc "
checked program was:
/* begin */
 1: #include "ruby.h"
 2: 
 3: #include <sys/mman.h>
 4: 
 5: /*top*/
 6: extern int t(void);
 7: int main(int argc, char **argv)
 8: {
 9:   if (argc > 1000000) {
10:     printf("%p", &t);
11:   }
12: 
13:   return 0;
14: }
15: int t(void) { void ((*volatile p)()); p = (void ((*)()))munmap; return 0; }
/* end */

--------------------

have_func: checking for mremap() in sys/mman.h... -------------------- no

"clang -o conftest -I/Users/Kenshoo/.rbenv/versions/2.1.5/include/ruby-2.1.0/x86_64-darwin14.0 -I/Users/Kenshoo/.rbenv/versions/2.1.5/include/ruby-2.1.0/ruby/backward -I/Users/Kenshoo/.rbenv/versions/2.1.5/include/ruby-2.1.0 -I. -I/Users/Kenshoo/.rbenv/versions/2.1.5/include  -D_XOPEN_SOURCE -D_DARWIN_C_SOURCE -D_DARWIN_UNLIMITED_SELECT -D_REENTRANT   -D_GNU_SOURCE   -O3 -Wno-error=shorten-64-to-32  -pipe conftest.c  -L. -L/Users/Kenshoo/.rbenv/versions/2.1.5/lib -L. -L/Users/Kenshoo/.rbenv/versions/2.1.5/lib  -fstack-protector -L/usr/local/lib     -lruby-static -framework CoreFoundation  -lpthread -ldl -lobjc "
conftest.c:15:57: error: use of undeclared identifier 'mremap'
int t(void) { void ((*volatile p)()); p = (void ((*)()))mremap; return 0; }
                                                        ^
1 error generated.
checked program was:
/* begin */
 1: #include "ruby.h"
 2: 
 3: #include <sys/mman.h>
 4: 
 5: /*top*/
 6: extern int t(void);
 7: int main(int argc, char **argv)
 8: {
 9:   if (argc > 1000000) {
10:     printf("%p", &t);
11:   }
12: 
13:   return 0;
14: }
15: int t(void) { void ((*volatile p)()); p = (void ((*)()))mremap; return 0; }
/* end */

"clang -o conftest -I/Users/Kenshoo/.rbenv/versions/2.1.5/include/ruby-2.1.0/x86_64-darwin14.0 -I/Users/Kenshoo/.rbenv/versions/2.1.5/include/ruby-2.1.0/ruby/backward -I/Users/Kenshoo/.rbenv/versions/2.1.5/include/ruby-2.1.0 -I. -I/Users/Kenshoo/.rbenv/versions/2.1.5/include  -D_XOPEN_SOURCE -D_DARWIN_C_SOURCE -D_DARWIN_UNLIMITED_SELECT -D_REENTRANT   -D_GNU_SOURCE   -O3 -Wno-error=shorten-64-to-32  -pipe conftest.c  -L. -L/Users/Kenshoo/.rbenv/versions/2.1.5/lib -L. -L/Users/Kenshoo/.rbenv/versions/2.1.5/lib  -fstack-protector -L/usr/local/lib     -lruby-static -framework CoreFoundation  -lpthread -ldl -lobjc "
conftest.c:15:15: warning: implicit declaration of function 'mremap' is invalid in C99 [-Wimplicit-function-declaration]
int t(void) { mremap(); return 0; }
              ^
1 warning generated.
Undefined symbols for architecture x86_64:
  "_mremap", referenced from:
      _t in conftest-5f79b0.o
ld: symbol(s) not found for architecture x86_64
clang: error: linker command failed with exit code 1 (use -v to see invocation)
checked program was:
/* begin */
 1: #include "ruby.h"
 2: 
 3: #include <sys/mman.h>
 4: 
 5: /*top*/
 6: extern int t(void);
 7: int main(int argc, char **argv)
 8: {
 9:   if (argc > 1000000) {
10:     printf("%p", &t);
11:   }
12: 
13:   return 0;
14: }
15: int t(void) { mremap(); return 0; }
/* end */

--------------------

have_func: checking for getpagesize() in unistd.h... -------------------- yes

"clang -o conftest -I/Users/Kenshoo/.rbenv/versions/2.1.5/include/ruby-2.1.0/x86_64-darwin14.0 -I/Users/Kenshoo/.rbenv/versions/2.1.5/include/ruby-2.1.0/ruby/backward -I/Users/Kenshoo/.rbenv/versions/2.1.5/include/ruby-2.1.0 -I. -I/Users/Kenshoo/.rbenv/versions/2.1.5/include  -D_XOPEN_SOURCE -D_DARWIN_C_SOURCE -D_DARWIN_UNLIMITED_SELECT -D_REENTRANT   -D_GNU_SOURCE  -D_BSD_SOURCE   -O3 -Wno-error=shorten-64-to-32  -pipe conftest.c  -L. -L/Users/Kenshoo/.rbenv/versions/2.1.5/lib -L. -L/Users/Kenshoo/.rbenv/versions/2.1.5/lib  -fstack-protector -L/usr/local/lib     -lruby-static -framework CoreFoundation  -lpthread -ldl -lobjc "
checked program was:
/* begin */
 1: #include "ruby.h"
 2: 
 3: #include <unistd.h>
 4: 
 5: /*top*/
 6: extern int t(void);
 7: int main(int argc, char **argv)
 8: {
 9:   if (argc > 1000000) {
10:     printf("%p", &t);
11:   }
12: 
13:   return 0;
14: }
15: int t(void) { void ((*volatile p)()); p = (void ((*)()))getpagesize; return 0; }
/* end */

--------------------

have_func: checking for rb_thread_blocking_region()... -------------------- yes

"clang -o conftest -I/Users/Kenshoo/.rbenv/versions/2.1.5/include/ruby-2.1.0/x86_64-darwin14.0 -I/Users/Kenshoo/.rbenv/versions/2.1.5/include/ruby-2.1.0/ruby/backward -I/Users/Kenshoo/.rbenv/versions/2.1.5/include/ruby-2.1.0 -I. -I/Users/Kenshoo/.rbenv/versions/2.1.5/include  -D_XOPEN_SOURCE -D_DARWIN_C_SOURCE -D_DARWIN_UNLIMITED_SELECT -D_REENTRANT   -D_GNU_SOURCE  -D_BSD_SOURCE   -O3 -Wno-error=shorten-64-to-32  -pipe conftest.c  -L. -L/Users/Kenshoo/.rbenv/versions/2.1.5/lib -L. -L/Users/Kenshoo/.rbenv/versions/2.1.5/lib  -fstack-protector -L/usr/local/lib     -lruby-static -framework CoreFoundation  -lpthread -ldl -lobjc "
conftest.c:13:57: warning: 'rb_thread_blocking_region' is deprecated [-Wdeprecated-declarations]
int t(void) { void ((*volatile p)()); p = (void ((*)()))rb_thread_blocking_region; return 0; }
                                                        ^
/Users/Kenshoo/.rbenv/versions/2.1.5/include/ruby-2.1.0/ruby/intern.h:870:18: note: 'rb_thread_blocking_region' has been explicitly marked deprecated here
DEPRECATED(VALUE rb_thread_blocking_region(rb_blocking_function_t *func, void *data1,
                 ^
/Users/Kenshoo/.rbenv/versions/2.1.5/include/ruby-2.1.0/x86_64-darwin14.0/ruby/config.h:114:52: note: expanded from macro 'DEPRECATED'
#define DEPRECATED(x) __attribute__ ((deprecated)) x
                                                   ^
1 warning generated.
checked program was:
/* begin */
 1: #include "ruby.h"
 2: 
 3: /*top*/
 4: extern int t(void);
 5: int main(int argc, char **argv)
 6: {
 7:   if (argc > 1000000) {
 8:     printf("%p", &t);
 9:   }
10: 
11:   return 0;
12: }
13: int t(void) { void ((*volatile p)()); p = (void ((*)()))rb_thread_blocking_region; return 0; }
/* end */

--------------------

have_func: checking for rb_thread_io_blocking_region()... -------------------- yes

"clang -o conftest -I/Users/Kenshoo/.rbenv/versions/2.1.5/include/ruby-2.1.0/x86_64-darwin14.0 -I/Users/Kenshoo/.rbenv/versions/2.1.5/include/ruby-2.1.0/ruby/backward -I/Users/Kenshoo/.rbenv/versions/2.1.5/include/ruby-2.1.0 -I. -I/Users/Kenshoo/.rbenv/versions/2.1.5/include  -D_XOPEN_SOURCE -D_DARWIN_C_SOURCE -D_DARWIN_UNLIMITED_SELECT -D_REENTRANT   -D_GNU_SOURCE  -D_BSD_SOURCE   -O3 -Wno-error=shorten-64-to-32  -pipe conftest.c  -L. -L/Users/Kenshoo/.rbenv/versions/2.1.5/lib -L. -L/Users/Kenshoo/.rbenv/versions/2.1.5/lib  -fstack-protector -L/usr/local/lib     -lruby-static -framework CoreFoundation  -lpthread -ldl -lobjc "
conftest.c:13:57: error: use of undeclared identifier 'rb_thread_io_blocking_region'
int t(void) { void ((*volatile p)()); p = (void ((*)()))rb_thread_io_blocking_region; return 0; }
                                                        ^
1 error generated.
checked program was:
/* begin */
 1: #include "ruby.h"
 2: 
 3: /*top*/
 4: extern int t(void);
 5: int main(int argc, char **argv)
 6: {
 7:   if (argc > 1000000) {
 8:     printf("%p", &t);
 9:   }
10: 
11:   return 0;
12: }
13: int t(void) { void ((*volatile p)()); p = (void ((*)()))rb_thread_io_blocking_region; return 0; }
/* end */

"clang -o conftest -I/Users/Kenshoo/.rbenv/versions/2.1.5/include/ruby-2.1.0/x86_64-darwin14.0 -I/Users/Kenshoo/.rbenv/versions/2.1.5/include/ruby-2.1.0/ruby/backward -I/Users/Kenshoo/.rbenv/versions/2.1.5/include/ruby-2.1.0 -I. -I/Users/Kenshoo/.rbenv/versions/2.1.5/include  -D_XOPEN_SOURCE -D_DARWIN_C_SOURCE -D_DARWIN_UNLIMITED_SELECT -D_REENTRANT   -D_GNU_SOURCE  -D_BSD_SOURCE   -O3 -Wno-error=shorten-64-to-32  -pipe conftest.c  -L. -L/Users/Kenshoo/.rbenv/versions/2.1.5/lib -L. -L/Users/Kenshoo/.rbenv/versions/2.1.5/lib  -fstack-protector -L/usr/local/lib     -lruby-static -framework CoreFoundation  -lpthread -ldl -lobjc "
conftest.c:13:15: warning: implicit declaration of function 'rb_thread_io_blocking_region' is invalid in C99 [-Wimplicit-function-declaration]
int t(void) { rb_thread_io_blocking_region(); return 0; }
              ^
1 warning generated.
checked program was:
/* begin */
 1: #include "ruby.h"
 2: 
 3: /*top*/
 4: extern int t(void);
 5: int main(int argc, char **argv)
 6: {
 7:   if (argc > 1000000) {
 8:     printf("%p", &t);
 9:   }
10: 
11:   return 0;
12: }
13: int t(void) { rb_thread_io_blocking_region(); return 0; }
/* end */

--------------------

checking for GCC 4+ atomic builtins... -------------------- yes

"clang -o conftest -I/Users/Kenshoo/.rbenv/versions/2.1.5/include/ruby-2.1.0/x86_64-darwin14.0 -I/Users/Kenshoo/.rbenv/versions/2.1.5/include/ruby-2.1.0/ruby/backward -I/Users/Kenshoo/.rbenv/versions/2.1.5/include/ruby-2.1.0 -I. -I/Users/Kenshoo/.rbenv/versions/2.1.5/include  -D_XOPEN_SOURCE -D_DARWIN_C_SOURCE -D_DARWIN_UNLIMITED_SELECT -D_REENTRANT   -D_GNU_SOURCE  -D_BSD_SOURCE   -O3 -Wno-error=shorten-64-to-32  -pipe conftest.c  -L. -L/Users/Kenshoo/.rbenv/versions/2.1.5/lib -L. -L/Users/Kenshoo/.rbenv/versions/2.1.5/lib  -fstack-protector -L/usr/local/lib     -lruby-static -framework CoreFoundation  -lpthread -ldl -lobjc "
checked program was:
/* begin */
 1: #include "ruby.h"
 2: 
 3: int main(int argc, char * const argv[]) {
 4:         unsigned long i = 0;
 5:         __sync_lock_test_and_set(&i, 0);
 6:         __sync_lock_test_and_set(&i, 1);
 7:         __sync_bool_compare_and_swap(&i, 0, 1);
 8:         __sync_add_and_fetch(&i, argc);
 9:         __sync_sub_and_fetch(&i, argc);
10:         return 0;
11: }
/* end */

--------------------

